<?xml version="1.0" encoding="UTF-8"?>
<testng-results skipped="0" failed="1" ignored="0" total="1" passed="0">
  <reporter-output>
  </reporter-output>
  <suite name="Default suite" duration-ms="62072" started-at="2020-07-08T07:25:35Z" finished-at="2020-07-08T07:26:37Z">
    <groups>
      <group name="Cucumber_Reports">
        <method signature="Runner_Access.feature(cucumber.api.testng.CucumberFeatureWrapper)[pri:0, instance:RunnerFiles.Runner_Access@3901d134]" name="feature" class="RunnerFiles.Runner_Access"/>
      </group> <!-- Cucumber_Reports -->
    </groups>
    <test name="Default test" duration-ms="62072" started-at="2020-07-08T07:25:35Z" finished-at="2020-07-08T07:26:37Z">
      <class name="RunnerFiles.Runner_Access">
        <test-method status="PASS" signature="setUpClass()[pri:0, instance:RunnerFiles.Runner_Access@3901d134]" name="setUpClass" is-config="true" duration-ms="212" started-at="2020-07-08T12:55:35Z" finished-at="2020-07-08T12:55:35Z">
          <reporter-output>
          </reporter-output>
        </test-method> <!-- setUpClass -->
        <test-method status="PASS" signature="initialization()[pri:0, instance:RunnerFiles.Runner_Access@3901d134]" name="initialization" is-config="true" duration-ms="14666" started-at="2020-07-08T12:55:36Z" finished-at="2020-07-08T12:55:50Z">
          <reporter-output>
          </reporter-output>
        </test-method> <!-- initialization -->
        <test-method status="FAIL" signature="feature(cucumber.api.testng.CucumberFeatureWrapper)[pri:0, instance:RunnerFiles.Runner_Access@3901d134]" name="feature" duration-ms="46866" started-at="2020-07-08T12:55:50Z" description="Capture the fields" data-provider="features" finished-at="2020-07-08T12:56:37Z">
          <params>
            <param index="0">
              <value>
                <![CDATA[Capture the fields]]>
              </value>
            </param>
          </params>
          <exception class="cucumber.runtime.CucumberException">
            <message>
              <![CDATA[java.awt.image.RasterFormatException: (y + height) is outside of Raster]]>
            </message>
            <full-stacktrace>
              <![CDATA[cucumber.runtime.CucumberException: java.awt.image.RasterFormatException: (y + height) is outside of Raster
	at cucumber.api.testng.TestNGCucumberRunner.runCucumber(TestNGCucumberRunner.java:69)
	at RunnerFiles.Runner_Access.feature(Runner_Access.java:35)
	at sun.reflect.NativeMethodAccessorImpl.invoke0(Native Method)
	at sun.reflect.NativeMethodAccessorImpl.invoke(NativeMethodAccessorImpl.java:62)
	at sun.reflect.DelegatingMethodAccessorImpl.invoke(DelegatingMethodAccessorImpl.java:43)
	at java.lang.reflect.Method.invoke(Method.java:498)
	at org.testng.internal.MethodInvocationHelper.invokeMethod(MethodInvocationHelper.java:108)
	at org.testng.internal.Invoker.invokeMethod(Invoker.java:661)
	at org.testng.internal.Invoker.invokeTestMethod(Invoker.java:869)
	at org.testng.internal.Invoker.invokeTestMethods(Invoker.java:1193)
	at org.testng.internal.TestMethodWorker.invokeTestMethods(TestMethodWorker.java:126)
	at org.testng.internal.TestMethodWorker.run(TestMethodWorker.java:109)
	at org.testng.TestRunner.privateRun(TestRunner.java:744)
	at org.testng.TestRunner.run(TestRunner.java:602)
	at org.testng.SuiteRunner.runTest(SuiteRunner.java:380)
	at org.testng.SuiteRunner.runSequentially(SuiteRunner.java:375)
	at org.testng.SuiteRunner.privateRun(SuiteRunner.java:340)
	at org.testng.SuiteRunner.run(SuiteRunner.java:289)
	at org.testng.SuiteRunnerWorker.runSuite(SuiteRunnerWorker.java:52)
	at org.testng.SuiteRunnerWorker.run(SuiteRunnerWorker.java:86)
	at org.testng.TestNG.runSuitesSequentially(TestNG.java:1301)
	at org.testng.TestNG.runSuitesLocally(TestNG.java:1226)
	at org.testng.TestNG.runSuites(TestNG.java:1144)
	at org.testng.TestNG.run(TestNG.java:1115)
	at org.testng.remote.AbstractRemoteTestNG.run(AbstractRemoteTestNG.java:115)
	at org.testng.remote.RemoteTestNG.initAndRun(RemoteTestNG.java:251)
	at org.testng.remote.RemoteTestNG.main(RemoteTestNG.java:77)
Caused by: java.awt.image.RasterFormatException: (y + height) is outside of Raster
	at sun.awt.image.ByteInterleavedRaster.createWritableChild(ByteInterleavedRaster.java:1248)
	at java.awt.image.BufferedImage.getSubimage(BufferedImage.java:1202)
	at UtillFiles.WebElementExtender.captureElementPicture(WebElementExtender.java:42)
	at StepDefinitionFiles.Access_Steps.view_the_docuemnts_and_download_file_in_local(Access_Steps.java:189)
	at âœ½.And view the docuemnts and download file in local(C:/Users/seema.chaurasia/Desktop/Workplace/Testing/src/test/java/Feature_Files/DisclamerForm.feature:12)
]]>
            </full-stacktrace>
          </exception> <!-- cucumber.runtime.CucumberException -->
          <reporter-output>
          </reporter-output>
        </test-method> <!-- feature -->
        <test-method status="PASS" signature="getMethodName(org.testng.ITestResult)[pri:0, instance:RunnerFiles.Runner_Access@3901d134]" name="getMethodName" is-config="true" duration-ms="1" started-at="2020-07-08T12:56:37Z" finished-at="2020-07-08T12:56:37Z">
          <params>
            <param index="0">
              <value>
                <![CDATA[[TestResult name=feature status=FAILURE method=Runner_Access.feature(cucumber.api.testng.CucumberFeatureWrapper)[pri:0, instance:RunnerFiles.Runner_Access@3901d134] output={null}]]]>
              </value>
            </param>
          </params>
          <reporter-output>
          </reporter-output>
        </test-method> <!-- getMethodName -->
        <test-method status="PASS" signature="tearDownClass()[pri:0, instance:RunnerFiles.Runner_Access@3901d134]" name="tearDownClass" is-config="true" duration-ms="244" started-at="2020-07-08T12:56:37Z" finished-at="2020-07-08T12:56:37Z">
          <reporter-output>
          </reporter-output>
        </test-method> <!-- tearDownClass -->
        <test-method status="PASS" signature="closeBrowser()[pri:0, instance:RunnerFiles.Runner_Access@3901d134]" name="closeBrowser" is-config="true" duration-ms="4" started-at="2020-07-08T12:56:37Z" finished-at="2020-07-08T12:56:37Z">
          <reporter-output>
          </reporter-output>
        </test-method> <!-- closeBrowser -->
      </class> <!-- RunnerFiles.Runner_Access -->
    </test> <!-- Default test -->
  </suite> <!-- Default suite -->
</testng-results>
