<?xml version="1.0" encoding="UTF-8"?>
<!-- Generated by org.testng.reporters.JUnitReportReporter -->
<testsuite skipped="0" hostname="GUR-L-037" name="RunnerFiles.Runner1$Login_Runner" tests="1" failures="0" timestamp="30 Jun 2020 08:27:38 GMT" time="0.317" errors="1">
  <testcase name="setUpClass" time="0.317" classname="RunnerFiles.Runner1$Login_Runner">
    <error type="io.cucumber.core.gherkin.FeatureParserException" message="Failed to parse resource at: file:///C:/Users/seema.chaurasia/Desktop/Workplace/Testing/src/test/java/Feature_Files/Login.feature">
      <![CDATA[io.cucumber.core.gherkin.FeatureParserException: Failed to parse resource at: file:///C:/Users/seema.chaurasia/Desktop/Workplace/Testing/src/test/java/Feature_Files/Login.feature
at io.cucumber.core.gherkin.vintage.GherkinVintageFeatureParser.parseGherkin5(GherkinVintageFeatureParser.java:40)
at io.cucumber.core.gherkin.vintage.GherkinVintageFeatureParser.parse(GherkinVintageFeatureParser.java:58)
at io.cucumber.core.feature.FeatureParser.parseResource(FeatureParser.java:44)
at java.util.function.BiFunction.lambda$andThen$0(BiFunction.java:70)
at io.cucumber.core.resource.ResourceScanner.lambda$processResource$2(ResourceScanner.java:126)
at io.cucumber.core.resource.PathScanner$ResourceFileVisitor.visitFile(PathScanner.java:67)
at io.cucumber.core.resource.PathScanner$ResourceFileVisitor.visitFile(PathScanner.java:52)
at java.nio.file.Files.walkFileTree(Files.java:2670)
at java.nio.file.Files.walkFileTree(Files.java:2742)
at io.cucumber.core.resource.PathScanner.findResourcesForPath(PathScanner.java:46)
at io.cucumber.core.resource.PathScanner.findResourcesForUri(PathScanner.java:26)
at io.cucumber.core.resource.ResourceScanner.findResourcesForUri(ResourceScanner.java:109)
at io.cucumber.core.resource.ResourceScanner.scanForResourcesUri(ResourceScanner.java:86)
at io.cucumber.core.runtime.FeaturePathFeatureSupplier.loadFeatures(FeaturePathFeatureSupplier.java:61)
at io.cucumber.core.runtime.FeaturePathFeatureSupplier.get(FeaturePathFeatureSupplier.java:45)
at io.cucumber.testng.TestNGCucumberRunner.<init>(TestNGCucumberRunner.java:114)
at io.cucumber.testng.AbstractTestNGCucumberTests.setUpClass(AbstractTestNGCucumberTests.java:22)
at sun.reflect.NativeMethodAccessorImpl.invoke0(Native Method)
at sun.reflect.NativeMethodAccessorImpl.invoke(NativeMethodAccessorImpl.java:62)
at sun.reflect.DelegatingMethodAccessorImpl.invoke(DelegatingMethodAccessorImpl.java:43)
at java.lang.reflect.Method.invoke(Method.java:498)
at org.testng.internal.MethodInvocationHelper.invokeMethod(MethodInvocationHelper.java:124)
at org.testng.internal.MethodInvocationHelper.invokeMethodConsideringTimeout(MethodInvocationHelper.java:59)
at org.testng.internal.Invoker.invokeConfigurationMethod(Invoker.java:458)
at org.testng.internal.Invoker.invokeConfigurations(Invoker.java:222)
at org.testng.internal.Invoker.invokeConfigurations(Invoker.java:142)
at org.testng.internal.TestMethodWorker.invokeBeforeClassMethods(TestMethodWorker.java:168)
at org.testng.internal.TestMethodWorker.run(TestMethodWorker.java:105)
at org.testng.TestRunner.privateRun(TestRunner.java:648)
at org.testng.TestRunner.run(TestRunner.java:505)
at org.testng.SuiteRunner.runTest(SuiteRunner.java:455)
at org.testng.SuiteRunner.runSequentially(SuiteRunner.java:450)
at org.testng.SuiteRunner.privateRun(SuiteRunner.java:415)
at org.testng.SuiteRunner.run(SuiteRunner.java:364)
at org.testng.SuiteRunnerWorker.runSuite(SuiteRunnerWorker.java:52)
at org.testng.SuiteRunnerWorker.run(SuiteRunnerWorker.java:84)
at org.testng.TestNG.runSuitesSequentially(TestNG.java:1208)
at org.testng.TestNG.runSuitesLocally(TestNG.java:1137)
at org.testng.TestNG.runSuites(TestNG.java:1049)
at org.testng.TestNG.run(TestNG.java:1017)
at org.testng.remote.AbstractRemoteTestNG.run(AbstractRemoteTestNG.java:115)
at org.testng.remote.RemoteTestNG.initAndRun(RemoteTestNG.java:251)
at org.testng.remote.RemoteTestNG.main(RemoteTestNG.java:77)
Caused by: io.cucumber.core.gherkin.vintage.internal.gherkin.ParserException$CompositeParserException: Parser errors:
(12:7): inconsistent cell count within the table
at io.cucumber.core.gherkin.vintage.internal.gherkin.Parser.parse(Parser.java:143)
at io.cucumber.core.gherkin.vintage.internal.gherkin.Parser.parse(Parser.java:118)
at io.cucumber.core.gherkin.vintage.internal.gherkin.Parser.parse(Parser.java:114)
at io.cucumber.core.gherkin.vintage.GherkinVintageFeatureParser.parseGherkin5(GherkinVintageFeatureParser.java:29)
... 42 more
]]>
    </error>
  </testcase> <!-- setUpClass -->
</testsuite> <!-- RunnerFiles.Runner1$Login_Runner -->
